11/02/2023 2:59:49 pm	This log contains information about the import schema operation into project 'AVStaffing.Database' on computer 'CRLHL-AYUBBMEH1' by user 'ayubbmeh'.
11/02/2023 2:59:50 pm	Import of database schema has started.
11/02/2023 2:59:59 pm	Gathering database credentials
11/02/2023 2:59:59 pm	Gathering database options
11/02/2023 2:59:59 pm	Gathering generic database scoped configuration option
11/02/2023 2:59:59 pm	Gathering users
11/02/2023 2:59:59 pm	Gathering roles
11/02/2023 2:59:59 pm	Gathering application roles
11/02/2023 2:59:59 pm	Gathering role memberships
11/02/2023 2:59:59 pm	Gathering filegroups
11/02/2023 2:59:59 pm	Gathering full-text catalogs
11/02/2023 2:59:59 pm	Gathering assemblies
11/02/2023 2:59:59 pm	Gathering certificates
11/02/2023 2:59:59 pm	Gathering asymmetric keys
11/02/2023 2:59:59 pm	Gathering symmetric keys
11/02/2023 2:59:59 pm	Gathering encrypted symmetric keys
11/02/2023 2:59:59 pm	Gathering schemas
11/02/2023 2:59:59 pm	Gathering XML schema collections
11/02/2023 2:59:59 pm	Gathering user-defined data types
11/02/2023 2:59:59 pm	Gathering user-defined types
11/02/2023 2:59:59 pm	Gathering table types
11/02/2023 2:59:59 pm	Gathering unique keys for table types
11/02/2023 2:59:59 pm	Gathering primary keys for table types
11/02/2023 2:59:59 pm	Gathering indexes for table types
11/02/2023 3:00:02 pm	Gathering check constraints for table types
11/02/2023 3:00:02 pm	Gathering default constraints for table types
11/02/2023 3:00:02 pm	Gathering partition functions
11/02/2023 3:00:02 pm	Gathering partition schemes
11/02/2023 3:00:02 pm	Gathering functions
11/02/2023 3:00:02 pm	Gathering encrypted functions
11/02/2023 3:00:02 pm	Gathering aggregates
11/02/2023 3:00:02 pm	Gathering procedures
11/02/2023 3:00:02 pm	Gathering encrypted procedures
11/02/2023 3:00:02 pm	Gathering tables
11/02/2023 3:00:02 pm	Gathering primary keys
11/02/2023 3:00:02 pm	Gathering unique constraints
11/02/2023 3:00:02 pm	Gathering foreign keys
11/02/2023 3:00:02 pm	Gathering default constraints
11/02/2023 3:00:02 pm	Gathering check constraints
11/02/2023 3:00:02 pm	Gathering views
11/02/2023 3:00:02 pm	Gathering encrypted views
11/02/2023 3:00:02 pm	Gathering indexes
11/02/2023 3:00:02 pm	Gathering statistics
11/02/2023 3:00:02 pm	Gathering full-text index stoplists
11/02/2023 3:00:02 pm	Gathering search property lists
11/02/2023 3:00:02 pm	Gathering search properties
11/02/2023 3:00:02 pm	Gathering full-text indexes
11/02/2023 3:00:02 pm	Gathering column store indexes
11/02/2023 3:00:02 pm	Gathering spatial indexes
11/02/2023 3:00:02 pm	Gathering XML indexes
11/02/2023 3:00:02 pm	Gathering Selective XML indexes
11/02/2023 3:00:03 pm	Gathering encrypted triggers
11/02/2023 3:00:03 pm	Gathering triggers
11/02/2023 3:00:03 pm	Gathering encrypted and clr ddl triggers
11/02/2023 3:00:03 pm	Gathering ddl triggers
11/02/2023 3:00:03 pm	Creating edge constraints
11/02/2023 3:00:03 pm	Gathering synonyms
11/02/2023 3:00:03 pm	Gathering defaults
11/02/2023 3:00:03 pm	Gathering data constraint uddt bindings
11/02/2023 3:00:03 pm	Gathering rules
11/02/2023 3:00:03 pm	Gathering data constraint uddt bindings
11/02/2023 3:00:03 pm	Gathering message types
11/02/2023 3:00:03 pm	Gathering queues
11/02/2023 3:00:03 pm	Gathering contracts
11/02/2023 3:00:03 pm	Gathering services
11/02/2023 3:00:03 pm	Gathering event notifications
11/02/2023 3:00:03 pm	Gathering remote service bindings
11/02/2023 3:00:03 pm	Gathering broker priorities
11/02/2023 3:00:03 pm	Gathering signatures
11/02/2023 3:00:03 pm	Gathering data compression options
11/02/2023 3:00:03 pm	Gathering sequence types
11/02/2023 3:00:03 pm	Gathering security policies
11/02/2023 3:00:03 pm	Gather column encryption keys
11/02/2023 3:00:03 pm	Gathering column master keys
11/02/2023 3:00:03 pm	Gathering external data sources
11/02/2023 3:00:03 pm	Gathering external file formats
11/02/2023 3:00:03 pm	Gathering external tables
11/02/2023 3:00:03 pm	Gathering extended properties
11/02/2023 3:00:03 pm	Gathering assemblies
11/02/2023 3:00:03 pm	Gathering credentials
11/02/2023 3:00:03 pm	Gathering logins
11/02/2023 3:00:03 pm	Gathering server audits
11/02/2023 3:00:03 pm	Scanning project for duplicate elements
11/02/2023 3:00:03 pm	Finished duplicate element processing
11/02/2023 3:00:04 pm	Finished importing database.
11/02/2023 3:00:04 pm	A summary of the import was saved to the following location: D:\Zawar\AVStaffing\AVStaffing.Database\Import Schema Logs\AVStaffing.Database_20230211095949.log
11/02/2023 3:00:04 pm	Click Finish to continue...
